<?xml version="1.0" encoding="UTF-8"?>
<!-- Generated by org.testng.reporters.JUnitReportReporter -->
<testsuite hostname="Aravind-Ganji" failures="0" tests="1" name="runners.testrunner" time="15.927" errors="0" timestamp="2024-04-12T15:14:34 IST" skipped="0">
  <testcase classname="runners.testrunner" name="runScenario" time="15.927"/>
</testsuite> <!-- runners.testrunner -->
